<?xml version="1.0" encoding="UTF-8"?>
<testsuite xmlns:xsi="http://www.w3.org/2001/XMLSchema-instance" xsi:noNamespaceSchemaLocation="https://maven.apache.org/surefire/maven-surefire-plugin/xsd/surefire-test-report-3.0.xsd" version="3.0" name="com.tcs.training.author.AuthorApplicationTests" time="20.741" tests="1" errors="0" skipped="0" failures="0">
  <properties>
[...]
</properties>
  <testcase name="contextLoads" classname="com.tcs.training.author.AuthorApplicationTests" time="0.41">
    <system-out><![CDATA[03:30:04.214 [main] INFO org.springframework.test.context.support.AnnotationConfigContextLoaderUtils -- Could not detect default configuration classes for test class [com.tcs.training.author.AuthorApplicationTests]: AuthorApplicationTests does not declare any static, non-private, non-final, nested classes annotated with @Configuration.
03:30:04.402 [main] INFO org.springframework.boot.test.context.SpringBootTestContextBootstrapper -- Found @SpringBootConfiguration com.tcs.training.author.AuthorApplication for test class com.tcs.training.author.AuthorApplicationTests

  .   ____          _            __ _ _
 /\\ / ___'_ __ _ _(_)_ __  __ _ \ \ \ \
( ( )\___ | '_ | '_| | '_ \/ _` | \ \ \ \
 \\/  ___)| |_)| | | | | || (_| |  ) ) ) )
  '  |____| .__|_| |_|_| |_\__, | / / / /
 =========|_|==============|___/=/_/_/_/
 :: Spring Boot ::                (v3.1.4)

2023-10-03T03:30:06.904+01:00  INFO 18348 --- [           main] c.t.t.author.AuthorApplicationTests      : Starting AuthorApplicationTests using Java 17.0.2 with PID 18348 (started by arghy in C:\Users\arghy\Downloads\microservice-e2\library-management-system-modularized\author-service)
2023-10-03T03:30:06.907+01:00  INFO 18348 --- [           main] c.t.t.author.AuthorApplicationTests      : No active profile set, falling back to 1 default profile: "default"
2023-10-03T03:30:10.144+01:00  INFO 18348 --- [           main] .s.d.r.c.RepositoryConfigurationDelegate : Bootstrapping Spring Data JPA repositories in DEFAULT mode.
2023-10-03T03:30:10.394+01:00  INFO 18348 --- [           main] .s.d.r.c.RepositoryConfigurationDelegate : Finished Spring Data repository scanning in 228 ms. Found 1 JPA repository interfaces.
2023-10-03T03:30:11.091+01:00  INFO 18348 --- [           main] o.s.cloud.context.scope.GenericScope     : BeanFactory id=17fd3180-d671-3b3d-9a12-fadcec3001e5
2023-10-03T03:30:11.676+01:00  INFO 18348 --- [           main] com.zaxxer.hikari.HikariDataSource       : HikariPool-1 - Starting...
2023-10-03T03:30:12.113+01:00  INFO 18348 --- [           main] com.zaxxer.hikari.pool.HikariPool        : HikariPool-1 - Added connection conn0: url=jdbc:h2:file:./library-management-system-modularized/author-service/database/authordb user=ADMIN
2023-10-03T03:30:12.115+01:00  INFO 18348 --- [           main] com.zaxxer.hikari.HikariDataSource       : HikariPool-1 - Start completed.
2023-10-03T03:30:12.307+01:00  INFO 18348 --- [           main] o.hibernate.jpa.internal.util.LogHelper  : HHH000204: Processing PersistenceUnitInfo [name: default]
2023-10-03T03:30:12.500+01:00  INFO 18348 --- [           main] org.hibernate.Version                    : HHH000412: Hibernate ORM core version 6.2.9.Final
2023-10-03T03:30:12.510+01:00  INFO 18348 --- [           main] org.hibernate.cfg.Environment            : HHH000406: Using bytecode reflection optimizer
2023-10-03T03:30:12.920+01:00  INFO 18348 --- [           main] o.h.b.i.BytecodeProviderInitiator        : HHH000021: Bytecode provider name : bytebuddy
2023-10-03T03:30:13.248+01:00  INFO 18348 --- [           main] o.s.o.j.p.SpringPersistenceUnitInfo      : No LoadTimeWeaver setup: ignoring JPA class transformer
2023-10-03T03:30:13.632+01:00  INFO 18348 --- [           main] o.h.b.i.BytecodeProviderInitiator        : HHH000021: Bytecode provider name : bytebuddy
2023-10-03T03:30:15.226+01:00  INFO 18348 --- [           main] o.h.e.t.j.p.i.JtaPlatformInitiator       : HHH000490: Using JtaPlatform implementation: [org.hibernate.engine.transaction.jta.platform.internal.NoJtaPlatform]
Hibernate: drop table if exists author cascade 
Hibernate: drop sequence if exists author_sequence
Hibernate: create sequence author_sequence start with 1 increment by 100
Hibernate: create table author (author_id bigint not null, bio varchar(255), country varchar(255), email_address varchar(255), first_name varchar(255), last_name varchar(255), primary key (author_id), constraint UC_AUTHOR unique (first_name, last_name))
2023-10-03T03:30:15.291+01:00  INFO 18348 --- [           main] j.LocalContainerEntityManagerFactoryBean : Initialized JPA EntityManagerFactory for persistence unit 'default'
2023-10-03T03:30:16.744+01:00  WARN 18348 --- [           main] JpaBaseConfiguration$JpaWebConfiguration : spring.jpa.open-in-view is enabled by default. Therefore, database queries may be performed during view rendering. Explicitly configure spring.jpa.open-in-view to disable this warning
2023-10-03T03:30:18.200+01:00  INFO 18348 --- [           main] o.s.c.openfeign.FeignClientFactoryBean   : For 'BOOK-SERVICE' URL not provided. Will try picking an instance via load-balancing.
2023-10-03T03:30:20.971+01:00  INFO 18348 --- [           main] o.s.cloud.commons.util.InetUtils         : Cannot determine local hostname
2023-10-03T03:30:21.628+01:00  INFO 18348 --- [           main] o.s.b.a.h2.H2ConsoleAutoConfiguration    : H2 console available at '/h2-console'. Database available at 'jdbc:h2:file:./library-management-system-modularized/author-service/database/authordb'
2023-10-03T03:30:22.787+01:00  INFO 18348 --- [           main] o.s.cloud.commons.util.InetUtils         : Cannot determine local hostname
2023-10-03T03:30:22.810+01:00  INFO 18348 --- [           main] DiscoveryClientOptionalArgsConfiguration : Eureka HTTP Client uses RestTemplate.
2023-10-03T03:30:22.888+01:00  WARN 18348 --- [           main] iguration$LoadBalancerCaffeineWarnLogger : Spring Cloud LoadBalancer is currently working with the default cache. While this cache implementation is useful for development and tests, it's recommended to use Caffeine cache in production.You can switch to using Caffeine cache, by adding it and org.springframework.cache.caffeine.CaffeineCacheManager to the classpath.
2023-10-03T03:30:22.904+01:00  INFO 18348 --- [           main] o.s.b.a.e.web.EndpointLinksResolver      : Exposing 14 endpoint(s) beneath base path '/actuator'
2023-10-03T03:30:23.008+01:00  INFO 18348 --- [           main] o.s.c.n.eureka.InstanceInfoFactory       : Setting initial instance status as: STARTING
2023-10-03T03:30:23.177+01:00  INFO 18348 --- [           main] com.netflix.discovery.DiscoveryClient    : Initializing Eureka in region us-east-1
2023-10-03T03:30:23.187+01:00  INFO 18348 --- [           main] c.n.d.s.r.aws.ConfigClusterResolver      : Resolving eureka endpoints via configuration
2023-10-03T03:30:23.236+01:00  INFO 18348 --- [           main] com.netflix.discovery.DiscoveryClient    : Disable delta property : false
2023-10-03T03:30:23.237+01:00  INFO 18348 --- [           main] com.netflix.discovery.DiscoveryClient    : Single vip registry refresh property : null
2023-10-03T03:30:23.237+01:00  INFO 18348 --- [           main] com.netflix.discovery.DiscoveryClient    : Force full registry fetch : false
2023-10-03T03:30:23.238+01:00  INFO 18348 --- [           main] com.netflix.discovery.DiscoveryClient    : Application is null : false
2023-10-03T03:30:23.238+01:00  INFO 18348 --- [           main] com.netflix.discovery.DiscoveryClient    : Registered Applications size is zero : true
2023-10-03T03:30:23.238+01:00  INFO 18348 --- [           main] com.netflix.discovery.DiscoveryClient    : Application version is -1: true
2023-10-03T03:30:23.238+01:00  INFO 18348 --- [           main] com.netflix.discovery.DiscoveryClient    : Getting all instance registry info from the eureka server
2023-10-03T03:30:24.181+01:00  INFO 18348 --- [           main] com.netflix.discovery.DiscoveryClient    : The response status is 200
2023-10-03T03:30:24.188+01:00  INFO 18348 --- [           main] com.netflix.discovery.DiscoveryClient    : Starting heartbeat executor: renew interval is: 30
2023-10-03T03:30:24.196+01:00  INFO 18348 --- [           main] c.n.discovery.InstanceInfoReplicator     : InstanceInfoReplicator onDemand update allowed rate per min is 4
2023-10-03T03:30:24.226+01:00  INFO 18348 --- [           main] com.netflix.discovery.DiscoveryClient    : Discovery Client initialized at timestamp 1696300224224 with initial instances count: 0
2023-10-03T03:30:24.229+01:00  INFO 18348 --- [           main] o.s.c.n.e.s.EurekaServiceRegistry        : Registering application AUTHOR-SERVICE with eureka with status UP
2023-10-03T03:30:24.230+01:00  INFO 18348 --- [           main] com.netflix.discovery.DiscoveryClient    : Saw local status change event StatusChangeEvent [timestamp=1696300224230, current=UP, previous=STARTING]
2023-10-03T03:30:24.244+01:00  INFO 18348 --- [nfoReplicator-0] com.netflix.discovery.DiscoveryClient    : DiscoveryClient_AUTHOR-SERVICE/localhost:author-service:8889: registering service...
2023-10-03T03:30:24.287+01:00  INFO 18348 --- [           main] c.t.t.author.AuthorApplicationTests      : Started AuthorApplicationTests in 19.476 seconds (process running for 21.377)
2023-10-03T03:30:24.575+01:00  INFO 18348 --- [nfoReplicator-0] com.netflix.discovery.DiscoveryClient    : DiscoveryClient_AUTHOR-SERVICE/localhost:author-service:8889 - registration status: 204
]]></system-out>
  </testcase>
</testsuite>